[2017-09-12 11:41:22]"[[object Object]]"
[2017-09-12 11:42:06]"[{source:'html',info:uid}]"
[2017-09-12 11:43:04]"[{source:'html';info:uid}]"
[2017-09-12 11:43:49]"[{source:'html';info:tom}]"
[2017-09-12 11:44:33]"[{source:'html';info:'tom'}]"
[2017-09-12 11:45:50]"[{source:'html';info:'tom'}]"
[2017-09-12 11:49:04]"[{\"source\":\"html\",\"info\":\"tom\"}]"
[2017-09-12 11:49:46]"[{\"source\":\"html\",\"info\":\"tom\"}]"
[2017-09-12 11:58:04]"[{\"source\":\"html\",\"info\":\"tom\"}]"
[2017-09-12 11:58:28]"[{\"source\":\"html\",\"info\":\"tom\"}]"
[2017-09-12 11:59:04]"[{\"source\":\"html\",\"info\":\"tom\"}]"
[2017-09-12 11:59:04]"[{]"
[2017-09-12 12:02:57]"[{\"source\":\"html\",\"info\":\"tom\"}]"
[2017-09-12 12:02:57]"[tom]"
[2017-09-12 12:03:57]"[{\"source\":\"html\",\"info\":\"tom\"}]"
[2017-09-12 12:03:57]"[tom]"
[2017-09-12 12:03:57]"[{\"status\":1,\"handle\":\"send\",\"info\":\"tom\"}]"
[2017-09-12 12:04:19]"[{\"source\":\"html\",\"info\":\"jerry\"}]"
[2017-09-12 12:04:19]"[jerry]"
[2017-09-12 12:04:19]"[{\"status\":1,\"handle\":\"send\",\"info\":\"jerry\"}]"
[2017-09-12 16:00:06]"[{\"source\":\"html\",\"info\":null}]"
[2017-09-12 16:00:57]"[{\"source\":\"html\",\"info\":\"\"}]"
[2017-09-12 17:40:42]"[{\"source\":\"html\",\"type\":\"open\",\"info\":{\"id\":\"1\",\"name\":\"tom\"}}]"
[2017-09-12 17:40:52]"[{\"source\":\"html\",\"type\":\"open\",\"info\":{\"id\":\"1\",\"name\":\"tom\"}}]"
[2017-09-12 17:53:22]"[{\"source\":\"html\",\"type\":\"open\",\"info\":{\"id\":\"1\",\"name\":\"tom\"}}]"
[2017-09-12 17:53:29]"[{\"source\":\"html\",\"type\":\"qiang\",\"info\":{\"id\":\"1\"}}]"
[2017-09-12 17:53:35]"[{\"source\":\"html\",\"type\":\"look\",\"info\":{\"id\":\"1\"}}]"
[2017-09-12 17:53:58]"[{\"source\":\"html\",\"type\":\"open\",\"info\":{\"id\":\"1\",\"name\":\"tom\"}}]"
[2017-09-12 17:53:59]"[{\"source\":\"html\",\"type\":\"qiang\",\"info\":{\"id\":\"1\"}}]"
[2017-09-12 17:54:01]"[{\"source\":\"html\",\"type\":\"qiang\",\"info\":{\"id\":\"1\"}}]"
[2017-09-12 17:54:01]"[{\"source\":\"html\",\"type\":\"qiang\",\"info\":{\"id\":\"1\"}}]"
