[2017-09-18 09:31:09]"[{\"type\":\"open\",\"name\":\"tom\"}]"
[2017-09-18 09:31:45]"[{\"type\":\"open\",\"name\":\"jhone\"}]"
[2017-09-18 09:31:49]"[{\"type\":\"open\",\"name\":\"gaga\"}]"
[2017-09-18 09:32:03]"[{\"type\":\"open\",\"name\":\"gaga\"}]"
[2017-09-18 09:32:13]"[{\"type\":\"open\",\"name\":\"tom\"}]"
[2017-09-18 09:32:20]"[{\"type\":\"open\",\"name\":\"jhone\"}]"
[2017-09-18 09:32:24]"[{\"type\":\"open\",\"name\":\"gaga\"}]"
[2017-09-18 09:33:15]"[{\"type\":\"open\",\"name\":\"tom\"}]"
[2017-09-18 09:33:18]"[{\"type\":\"open\",\"name\":\"gaga\"}]"
[2017-09-18 09:33:45]"[12]"
[2017-09-18 09:33:45]"[{\"type\":\"open\",\"name\":\"tom\"}]"
[2017-09-18 09:33:50]"[14]"
[2017-09-18 09:33:50]"[{\"type\":\"open\",\"name\":\"gaga\"}]"
[2017-09-18 09:33:52]"[14]"
[2017-09-18 09:33:52]"[{\"type\":\"open\",\"name\":\"gaga\"}]"
[2017-09-18 09:34:07]"[16]"
[2017-09-18 09:34:07]"[{\"type\":\"open\",\"name\":\"tom\"}]"
[2017-09-18 09:34:24]"[16]"
[2017-09-18 09:34:24]"[{\"type\":\"open\",\"name\":\"gaga\"}]"
[2017-09-18 09:34:49]"[17]"
[2017-09-18 09:34:50]"[{\"type\":\"open\",\"name\":\"tom\"}]"
[2017-09-18 09:34:52]"[19]"
[2017-09-18 09:34:52]"[{\"type\":\"open\",\"name\":\"jhone\"}]"
[2017-09-18 09:34:57]"[21]"
[2017-09-18 09:34:57]"[{\"type\":\"open\",\"name\":\"gugu\"}]"
[2017-09-18 09:35:01]"[20]"
[2017-09-18 09:35:01]"[{\"type\":\"open\",\"name\":\"jhone\"}]"
[2017-09-18 09:35:03]"[22]"
[2017-09-18 09:35:03]"[{\"type\":\"open\",\"name\":\"gugu\"}]"
[2017-09-18 16:46:37]"[{\"type\":\"open\",\"name\":\"tom\"}]"
[2017-09-18 16:48:11]"[{\"type\":\"open\",\"name\":\"tom\"}]"
[2017-09-18 16:48:20]"[{\"type\":\"open\",\"name\":\"tom\"}]"
[2017-09-18 16:48:51]"[{\"type\":\"open\",\"name\":\"tom\"}]"
[2017-09-18 16:48:53]"[{\"type\":\"open\",\"name\":\"tom\"}]"
[2017-09-18 16:48:54]"[{\"type\":\"open\",\"name\":\"tom\"}]"
[2017-09-18 16:48:54]"[{\"type\":\"open\",\"name\":\"tom\"}]"
[2017-09-18 16:48:55]"[{\"type\":\"open\",\"name\":\"tom\"}]"
[2017-09-18 16:48:55]"[{\"type\":\"open\",\"name\":\"tom\"}]"
[2017-09-18 16:48:55]"[{\"type\":\"open\",\"name\":\"tom\"}]"
[2017-09-18 16:48:55]"[{\"type\":\"open\",\"name\":\"tom\"}]"
[2017-09-18 16:48:56]"[{\"type\":\"open\",\"name\":\"tom\"}]"
[2017-09-18 16:48:56]"[{\"type\":\"open\",\"name\":\"tom\"}]"
[2017-09-18 16:48:56]"[{\"type\":\"open\",\"name\":\"tom\"}]"
[2017-09-18 16:48:56]"[{\"type\":\"open\",\"name\":\"tom\"}]"
[2017-09-18 16:48:56]"[{\"type\":\"open\",\"name\":\"tom\"}]"
[2017-09-18 16:48:56]"[{\"type\":\"open\",\"name\":\"tom\"}]"
[2017-09-18 16:49:05]"[{\"type\":\"open\",\"name\":\"jery\"}]"
[2017-09-18 16:49:13]"[{\"type\":\"open\",\"name\":\"haha\"}]"
[2017-09-18 17:03:56]"[{\"type\":\"open\",\"name\":\"tom\"}]"
[2017-09-18 17:04:45]"[{\"type\":\"open\",\"name\":\"jery\"}]"
[2017-09-18 17:04:56]"[{\"type\":\"open\",\"name\":\"jery\"}]"
[2017-09-18 17:04:57]"[{\"type\":\"open\",\"name\":\"jery\"}]"
[2017-09-18 17:12:33]"[{\"type\":\"open\",\"name\":\"tom\"}]"
[2017-09-18 17:24:18]"[{\"type\":\"open\",\"name\":\"tom\"}]"
[2017-09-18 17:24:21]"[{\"type\":\"open\",\"name\":\"jery\"}]"
[2017-09-18 17:24:25]"[{\"type\":\"open\",\"name\":\"haha\"}]"
[2017-09-18 17:24:27]"[{\"type\":\"open\",\"name\":\"jery\"}]"
[2017-09-18 17:24:30]"[{\"type\":\"open\",\"name\":\"tom\"}]"
[2017-09-18 17:26:10]"[{\"type\":\"open\",\"name\":\"tom\"}]"
[2017-09-18 17:26:19]"[{\"type\":\"open\",\"name\":\"tom\"}]"
[2017-09-18 17:26:22]"[{\"type\":\"open\",\"name\":\"jery\"}]"
[2017-09-18 17:26:24]"[{\"type\":\"open\",\"name\":\"tom\"}]"
[2017-09-18 17:26:26]"[{\"type\":\"open\",\"name\":\"jery\"}]"
[2017-09-18 17:26:28]"[{\"type\":\"open\",\"name\":\"tom\"}]"
[2017-09-18 17:26:29]"[{\"type\":\"open\",\"name\":\"jery\"}]"
[2017-09-18 17:26:30]"[{\"type\":\"open\",\"name\":\"tom\"}]"
[2017-09-18 17:26:31]"[{\"type\":\"open\",\"name\":\"jery\"}]"
[2017-09-18 17:26:32]"[{\"type\":\"open\",\"name\":\"tom\"}]"
[2017-09-18 17:26:33]"[{\"type\":\"open\",\"name\":\"jery\"}]"
[2017-09-18 17:26:34]"[{\"type\":\"open\",\"name\":\"tom\"}]"
[2017-09-18 17:27:36]"[{\"type\":\"open\",\"name\":\"tom\"}]"
[2017-09-18 17:27:39]"[{\"type\":\"open\",\"name\":\"jery\"}]"
[2017-09-18 17:27:39]"[{\"type\":\"open\",\"name\":\"jery\"}]"
[2017-09-18 17:27:40]"[{\"type\":\"open\",\"name\":\"jery\"}]"
[2017-09-18 17:27:41]"[{\"type\":\"open\",\"name\":\"tom\"}]"
[2017-09-18 17:27:42]"[{\"type\":\"open\",\"name\":\"tom\"}]"
[2017-09-18 17:27:43]"[{\"type\":\"open\",\"name\":\"jery\"}]"
[2017-09-18 17:27:43]"[{\"type\":\"open\",\"name\":\"jery\"}]"
[2017-09-18 17:27:44]"[{\"type\":\"open\",\"name\":\"haha\"}]"
[2017-09-18 17:27:45]"[{\"type\":\"open\",\"name\":\"haha\"}]"
[2017-09-18 17:27:46]"[{\"type\":\"open\",\"name\":\"jery\"}]"
[2017-09-18 17:27:48]"[{\"type\":\"open\",\"name\":\"haha\"}]"
[2017-09-18 17:27:50]"[{\"type\":\"open\",\"name\":\"tom\"}]"
[2017-09-18 17:31:59]"[{\"type\":\"open\",\"name\":\"jery\"}]"
[2017-09-18 17:32:26]"[{\"type\":\"open\",\"name\":\"jery\"}]"
[2017-09-18 17:32:28]"[{\"type\":\"open\",\"name\":\"haha\"}]"
[2017-09-18 17:32:30]"[{\"type\":\"open\",\"name\":\"jery\"}]"
[2017-09-18 17:34:31]"[{\"type\":\"open\",\"name\":\"haha\"}]"
[2017-09-18 17:34:32]"[{\"type\":\"open\",\"name\":\"jery\"}]"
[2017-09-18 17:34:32]"[{\"type\":\"open\",\"name\":\"jery\"}]"
[2017-09-18 17:34:34]"[{\"type\":\"open\",\"name\":\"haha\"}]"
[2017-09-18 17:34:37]"[{\"type\":\"open\",\"name\":\"tom\"}]"
[2017-09-18 17:42:05]"[{\"type\":\"open\",\"name\":\"tom\"}]"
[2017-09-18 17:42:07]"[{\"type\":\"open\",\"name\":\"jery\"}]"
[2017-09-18 17:42:10]"[{\"type\":\"open\",\"name\":\"haha\"}]"
[2017-09-18 17:42:17]"[{\"type\":\"open\",\"name\":\"tom\"}]"
[2017-09-18 17:51:22]"[{\"type\":\"open\",\"name\":\"tom\"}]"
[2017-09-18 17:51:24]"[{\"type\":\"open\",\"name\":\"jery\"}]"
[2017-09-18 17:51:27]"[{\"type\":\"open\",\"name\":\"haha\"}]"
[2017-09-18 17:51:35]"[{\"type\":\"leave\",\"name\":\"tom\"}]"
[2017-09-18 17:54:30]"[{\"type\":\"open\",\"name\":\"tom\"}]"
[2017-09-18 17:54:32]"[{\"type\":\"open\",\"name\":\"jery\"}]"
[2017-09-18 17:54:33]"[{\"type\":\"open\",\"name\":\"haha\"}]"
[2017-09-18 17:54:37]"[{\"type\":\"leave\",\"name\":\"jery\"}]"
[2017-09-18 17:55:24]"[{\"type\":\"open\",\"name\":\"tom\"}]"
[2017-09-18 17:55:34]"[{\"type\":\"open\",\"name\":\"tom\"}]"
[2017-09-18 17:55:38]"[{\"type\":\"open\",\"name\":\"tom\"}]"
[2017-09-18 17:55:54]"[{\"type\":\"leave\",\"name\":\"tom\"}]"
[2017-09-18 17:55:56]"[{\"type\":\"open\",\"name\":\"jery\"}]"
[2017-09-18 17:55:58]"[{\"type\":\"open\",\"name\":\"tom\"}]"
[2017-09-18 17:56:10]"[{\"type\":\"open\",\"name\":\"haha\"}]"
[2017-09-18 17:56:12]"[{\"type\":\"open\",\"name\":\"tom\"}]"
[2017-09-18 17:56:16]"[{\"type\":\"open\",\"name\":\"tom\"}]"
[2017-09-18 17:56:17]"[{\"type\":\"open\",\"name\":\"jery\"}]"
[2017-09-18 17:56:18]"[{\"type\":\"open\",\"name\":\"haha\"}]"
[2017-09-18 17:56:28]"[{\"type\":\"open\",\"name\":\"jery\"}]"
[2017-09-18 17:56:30]"[{\"type\":\"open\",\"name\":\"haha\"}]"
[2017-09-18 17:56:50]"[{\"type\":\"open\",\"name\":\"tom\"}]"
[2017-09-18 17:58:26]"[{\"type\":\"open\",\"name\":\"tom\"}]"
[2017-09-18 17:58:34]"[{\"type\":\"open\",\"name\":\"jery\"}]"
[2017-09-18 17:58:37]"[{\"type\":\"open\",\"name\":\"haha\"}]"
[2017-09-18 17:58:52]"[{\"type\":\"leave\",\"name\":\"tom\"}]"
[2017-09-18 17:59:07]"[{\"type\":\"open\",\"name\":\"tom\"}]"
